TN:
SF:src\controllers\projects.controller.ts
FN:12,(anonymous_1)
FN:50,(anonymous_2)
FN:84,(anonymous_3)
FN:143,(anonymous_4)
FN:190,(anonymous_5)
FN:207,(anonymous_6)
FN:225,(anonymous_7)
FN:274,(anonymous_8)
FN:291,(anonymous_9)
FN:322,(anonymous_10)
FN:357,(anonymous_11)
FN:410,(anonymous_12)
FN:451,(anonymous_13)
FN:466,(anonymous_14)
FNF:14
FNH:14
FNDA:4,(anonymous_1)
FNDA:5,(anonymous_2)
FNDA:4,(anonymous_3)
FNDA:2,(anonymous_4)
FNDA:3,(anonymous_5)
FNDA:3,(anonymous_6)
FNDA:6,(anonymous_7)
FNDA:2,(anonymous_8)
FNDA:3,(anonymous_9)
FNDA:3,(anonymous_10)
FNDA:3,(anonymous_11)
FNDA:4,(anonymous_12)
FNDA:2,(anonymous_13)
FNDA:3,(anonymous_14)
DA:2,1
DA:3,1
DA:4,1
DA:6,1
DA:7,1
DA:12,1
DA:13,4
DA:15,4
DA:18,4
DA:19,1
DA:23,3
DA:24,1
DA:26,2
DA:29,2
DA:39,1
DA:45,1
DA:46,1
DA:50,1
DA:51,5
DA:52,5
DA:55,5
DA:56,1
DA:59,4
DA:61,3
DA:62,1
DA:65,2
DA:67,2
DA:68,1
DA:72,1
DA:78,1
DA:79,1
DA:84,1
DA:85,4
DA:86,4
DA:89,4
DA:99,3
DA:100,1
DA:101,1
DA:106,1
DA:109,2
DA:110,1
DA:114,1
DA:117,3
DA:118,2
DA:120,3
DA:121,1
DA:123,3
DA:124,2
DA:126,3
DA:127,1
DA:129,3
DA:130,1
DA:133,3
DA:138,1
DA:139,1
DA:143,1
DA:144,2
DA:145,2
DA:184,1
DA:186,1
DA:187,1
DA:190,1
DA:191,3
DA:192,3
DA:194,3
DA:198,2
DA:199,1
DA:202,1
DA:204,1
DA:207,1
DA:208,3
DA:209,3
DA:211,3
DA:215,2
DA:216,1
DA:219,1
DA:221,1
DA:225,1
DA:226,6
DA:227,6
DA:228,6
DA:230,6
DA:231,5
DA:232,1
DA:235,4
DA:236,4
DA:237,4
DA:238,4
DA:239,2
DA:240,1
DA:242,1
DA:244,3
DA:245,3
DA:246,3
DA:247,3
DA:248,2
DA:249,1
DA:251,1
DA:254,2
DA:256,2
DA:269,1
DA:270,1
DA:274,1
DA:275,2
DA:276,2
DA:279,2
DA:285,1
DA:287,1
DA:291,1
DA:292,3
DA:293,3
DA:296,3
DA:308,2
DA:309,1
DA:313,1
DA:315,1
DA:317,1
DA:318,1
DA:322,1
DA:323,3
DA:324,3
DA:325,3
DA:332,2
DA:334,1
DA:337,1
DA:340,1
DA:344,1
DA:353,1
DA:357,1
DA:358,3
DA:359,3
DA:361,3
DA:398,2
DA:399,1
DA:402,1
DA:404,1
DA:405,1
DA:410,1
DA:411,4
DA:412,4
DA:415,4
DA:416,3
DA:417,1
DA:421,2
DA:422,1
DA:426,1
DA:427,1
DA:434,1
DA:436,1
DA:445,1
DA:446,1
DA:451,1
DA:452,2
DA:453,2
DA:456,2
DA:457,0
DA:461,1
DA:464,1
DA:465,1
DA:466,3
DA:469,1
DA:479,1
DA:480,1
LF:163
LH:162
BRDA:18,0,0,1
BRDA:18,0,1,3
BRDA:23,1,0,1
BRDA:23,1,1,2
BRDA:55,2,0,1
BRDA:55,2,1,4
BRDA:61,3,0,1
BRDA:61,3,1,2
BRDA:67,4,0,1
BRDA:67,4,1,1
BRDA:99,5,0,1
BRDA:99,5,1,2
BRDA:109,6,0,1
BRDA:109,6,1,1
BRDA:117,7,0,2
BRDA:117,7,1,1
BRDA:120,8,0,1
BRDA:120,8,1,2
BRDA:123,9,0,2
BRDA:123,9,1,1
BRDA:126,10,0,1
BRDA:126,10,1,2
BRDA:129,11,0,1
BRDA:129,11,1,2
BRDA:198,12,0,1
BRDA:198,12,1,1
BRDA:215,13,0,1
BRDA:215,13,1,1
BRDA:231,14,0,1
BRDA:231,14,1,4
BRDA:236,15,0,1
BRDA:236,15,1,3
BRDA:237,16,0,0
BRDA:237,16,1,4
BRDA:238,17,0,2
BRDA:238,17,1,2
BRDA:239,18,0,1
BRDA:239,18,1,1
BRDA:244,19,0,0
BRDA:244,19,1,3
BRDA:245,20,0,0
BRDA:245,20,1,3
BRDA:246,21,0,0
BRDA:246,21,1,3
BRDA:247,22,0,2
BRDA:247,22,1,1
BRDA:247,23,0,3
BRDA:247,23,1,2
BRDA:248,24,0,1
BRDA:248,24,1,1
BRDA:248,25,0,2
BRDA:248,25,1,2
BRDA:308,26,0,1
BRDA:308,26,1,1
BRDA:315,27,0,1
BRDA:315,27,1,0
BRDA:332,28,0,1
BRDA:332,28,1,1
BRDA:334,29,0,1
BRDA:334,29,1,0
BRDA:337,30,0,1
BRDA:337,30,1,0
BRDA:340,31,0,1
BRDA:340,31,1,0
BRDA:398,32,0,1
BRDA:398,32,1,1
BRDA:416,33,0,1
BRDA:416,33,1,2
BRDA:421,34,0,1
BRDA:421,34,1,1
BRDA:456,35,0,0
BRDA:456,35,1,1
BRDA:465,36,0,1
BRDA:465,36,1,0
BRDA:473,37,0,0
BRDA:473,37,1,1
BRDA:473,38,0,1
BRDA:473,38,1,1
BRF:78
BRH:67
end_of_record
TN:
SF:src\middlewars\checkIdParam.ts
FN:3,(anonymous_0)
FNF:1
FNH:1
FNDA:5,(anonymous_0)
DA:3,1
DA:4,5
DA:6,5
DA:7,3
DA:10,2
LF:5
LH:5
BRDA:6,0,0,3
BRDA:6,0,1,2
BRDA:6,1,0,5
BRDA:6,1,1,4
BRF:4
BRH:4
end_of_record
TN:
SF:src\middlewars\errorHandler.ts
FN:3,(anonymous_0)
FNF:1
FNH:1
FNDA:4,(anonymous_0)
DA:3,1
DA:4,4
DA:6,4
DA:7,4
DA:9,4
LF:5
LH:5
BRDA:6,0,0,4
BRDA:6,0,1,1
BRDA:7,1,0,4
BRDA:7,1,1,1
BRF:4
BRH:4
end_of_record
TN:
SF:src\middlewars\logger.ts
FN:3,(anonymous_0)
FNF:1
FNH:1
FNDA:3,(anonymous_0)
DA:3,1
DA:4,3
DA:5,3
LF:3
LH:3
BRF:0
BRH:0
end_of_record
TN:
SF:src\middlewars\uploadImage.ts
FN:13,(anonymous_1)
FN:16,(anonymous_2)
FN:22,(anonymous_3)
FNF:3
FNH:3
FNDA:1,(anonymous_1)
FNDA:1,(anonymous_2)
FNDA:5,(anonymous_3)
DA:1,11
DA:2,11
DA:3,11
DA:5,11
DA:8,11
DA:9,1
DA:12,11
DA:14,1
DA:17,1
DA:18,1
DA:22,11
DA:23,5
DA:24,5
DA:25,4
DA:27,1
DA:31,11
LF:16
LH:16
BRDA:8,0,0,1
BRDA:8,0,1,10
BRDA:24,1,0,4
BRDA:24,1,1,1
BRF:4
BRH:4
end_of_record
TN:
SF:src\utils\Password.ts
FN:4,(anonymous_1)
FN:22,(anonymous_2)
FN:27,(anonymous_3)
FNF:3
FNH:3
FNDA:15,(anonymous_1)
FNDA:2,(anonymous_2)
FNDA:3,(anonymous_3)
DA:1,1
DA:4,1
DA:5,15
DA:7,12
DA:8,12
DA:9,12
DA:10,12
DA:12,12
DA:13,2
DA:14,10
DA:15,7
DA:17,3
DA:22,1
DA:23,2
DA:27,1
DA:28,3
LF:16
LH:16
BRDA:5,0,0,3
BRDA:5,0,1,12
BRDA:5,1,0,15
BRDA:5,1,1,14
BRDA:5,1,2,13
BRDA:12,2,0,2
BRDA:12,2,1,10
BRDA:14,3,0,7
BRDA:14,3,1,3
BRDA:14,4,0,10
BRDA:14,4,1,10
BRDA:15,5,0,7
BRDA:15,5,1,6
BRDA:15,5,2,5
BRDA:15,5,3,4
BRDA:17,6,0,3
BRDA:17,6,1,2
BRF:17
BRH:17
end_of_record
TN:
SF:src\utils\emailValidator.ts
FN:1,(anonymous_0)
FNF:1
FNH:1
FNDA:8,(anonymous_0)
DA:1,1
DA:2,8
LF:2
LH:2
BRDA:2,0,0,8
BRDA:2,0,1,5
BRF:2
BRH:2
end_of_record
