TN:
SF:src\controllers\projects.controller.ts
FN:12,(anonymous_1)
FN:50,(anonymous_2)
FN:84,(anonymous_3)
FN:143,(anonymous_4)
FN:190,(anonymous_5)
FN:207,(anonymous_6)
FN:225,(anonymous_7)
FN:274,(anonymous_8)
FN:291,(anonymous_9)
FN:322,(anonymous_10)
FN:357,(anonymous_11)
FN:410,(anonymous_12)
FN:451,(anonymous_13)
FN:466,(anonymous_14)
FNF:14
FNH:0
FNDA:0,(anonymous_1)
FNDA:0,(anonymous_2)
FNDA:0,(anonymous_3)
FNDA:0,(anonymous_4)
FNDA:0,(anonymous_5)
FNDA:0,(anonymous_6)
FNDA:0,(anonymous_7)
FNDA:0,(anonymous_8)
FNDA:0,(anonymous_9)
FNDA:0,(anonymous_10)
FNDA:0,(anonymous_11)
FNDA:0,(anonymous_12)
FNDA:0,(anonymous_13)
FNDA:0,(anonymous_14)
DA:2,0
DA:3,0
DA:4,0
DA:6,0
DA:7,0
DA:12,0
DA:13,0
DA:15,0
DA:18,0
DA:19,0
DA:23,0
DA:24,0
DA:26,0
DA:29,0
DA:39,0
DA:45,0
DA:46,0
DA:50,0
DA:51,0
DA:52,0
DA:55,0
DA:56,0
DA:59,0
DA:61,0
DA:62,0
DA:65,0
DA:67,0
DA:68,0
DA:72,0
DA:78,0
DA:79,0
DA:84,0
DA:85,0
DA:86,0
DA:89,0
DA:99,0
DA:100,0
DA:101,0
DA:106,0
DA:109,0
DA:110,0
DA:114,0
DA:117,0
DA:118,0
DA:120,0
DA:121,0
DA:123,0
DA:124,0
DA:126,0
DA:127,0
DA:129,0
DA:130,0
DA:133,0
DA:138,0
DA:139,0
DA:143,0
DA:144,0
DA:145,0
DA:184,0
DA:186,0
DA:187,0
DA:190,0
DA:191,0
DA:192,0
DA:194,0
DA:198,0
DA:199,0
DA:202,0
DA:204,0
DA:207,0
DA:208,0
DA:209,0
DA:211,0
DA:215,0
DA:216,0
DA:219,0
DA:221,0
DA:225,0
DA:226,0
DA:227,0
DA:228,0
DA:230,0
DA:231,0
DA:232,0
DA:235,0
DA:236,0
DA:237,0
DA:238,0
DA:239,0
DA:240,0
DA:242,0
DA:244,0
DA:245,0
DA:246,0
DA:247,0
DA:248,0
DA:249,0
DA:251,0
DA:254,0
DA:256,0
DA:269,0
DA:270,0
DA:274,0
DA:275,0
DA:276,0
DA:279,0
DA:285,0
DA:287,0
DA:291,0
DA:292,0
DA:293,0
DA:296,0
DA:308,0
DA:309,0
DA:313,0
DA:315,0
DA:317,0
DA:318,0
DA:322,0
DA:323,0
DA:324,0
DA:325,0
DA:332,0
DA:334,0
DA:337,0
DA:340,0
DA:344,0
DA:353,0
DA:357,0
DA:358,0
DA:359,0
DA:361,0
DA:398,0
DA:399,0
DA:402,0
DA:404,0
DA:405,0
DA:410,0
DA:411,0
DA:412,0
DA:415,0
DA:416,0
DA:417,0
DA:421,0
DA:422,0
DA:426,0
DA:427,0
DA:434,0
DA:436,0
DA:445,0
DA:446,0
DA:451,0
DA:452,0
DA:453,0
DA:456,0
DA:457,0
DA:461,0
DA:464,0
DA:465,0
DA:466,0
DA:469,0
DA:479,0
DA:480,0
LF:163
LH:0
BRDA:18,0,0,0
BRDA:18,0,1,0
BRDA:23,1,0,0
BRDA:23,1,1,0
BRDA:55,2,0,0
BRDA:55,2,1,0
BRDA:61,3,0,0
BRDA:61,3,1,0
BRDA:67,4,0,0
BRDA:67,4,1,0
BRDA:99,5,0,0
BRDA:99,5,1,0
BRDA:109,6,0,0
BRDA:109,6,1,0
BRDA:117,7,0,0
BRDA:117,7,1,0
BRDA:120,8,0,0
BRDA:120,8,1,0
BRDA:123,9,0,0
BRDA:123,9,1,0
BRDA:126,10,0,0
BRDA:126,10,1,0
BRDA:129,11,0,0
BRDA:129,11,1,0
BRDA:198,12,0,0
BRDA:198,12,1,0
BRDA:215,13,0,0
BRDA:215,13,1,0
BRDA:231,14,0,0
BRDA:231,14,1,0
BRDA:236,15,0,0
BRDA:236,15,1,0
BRDA:237,16,0,0
BRDA:237,16,1,0
BRDA:238,17,0,0
BRDA:238,17,1,0
BRDA:239,18,0,0
BRDA:239,18,1,0
BRDA:244,19,0,0
BRDA:244,19,1,0
BRDA:245,20,0,0
BRDA:245,20,1,0
BRDA:246,21,0,0
BRDA:246,21,1,0
BRDA:247,22,0,0
BRDA:247,22,1,0
BRDA:247,23,0,0
BRDA:247,23,1,0
BRDA:248,24,0,0
BRDA:248,24,1,0
BRDA:248,25,0,0
BRDA:248,25,1,0
BRDA:308,26,0,0
BRDA:308,26,1,0
BRDA:315,27,0,0
BRDA:315,27,1,0
BRDA:332,28,0,0
BRDA:332,28,1,0
BRDA:334,29,0,0
BRDA:334,29,1,0
BRDA:337,30,0,0
BRDA:337,30,1,0
BRDA:340,31,0,0
BRDA:340,31,1,0
BRDA:398,32,0,0
BRDA:398,32,1,0
BRDA:416,33,0,0
BRDA:416,33,1,0
BRDA:421,34,0,0
BRDA:421,34,1,0
BRDA:456,35,0,0
BRDA:456,35,1,0
BRDA:465,36,0,0
BRDA:465,36,1,0
BRDA:473,37,0,0
BRDA:473,37,1,0
BRDA:473,38,0,0
BRDA:473,38,1,0
BRF:78
BRH:0
end_of_record
TN:
SF:src\middlewars\checkIdParam.ts
FN:3,(anonymous_0)
FNF:1
FNH:1
FNDA:5,(anonymous_0)
DA:3,1
DA:4,5
DA:6,5
DA:7,3
DA:10,2
LF:5
LH:5
BRDA:6,0,0,3
BRDA:6,0,1,2
BRDA:6,1,0,5
BRDA:6,1,1,4
BRF:4
BRH:4
end_of_record
TN:
SF:src\middlewars\errorHandler.ts
FN:3,(anonymous_0)
FNF:1
FNH:1
FNDA:4,(anonymous_0)
DA:3,1
DA:4,4
DA:6,4
DA:7,4
DA:9,4
LF:5
LH:5
BRDA:6,0,0,4
BRDA:6,0,1,1
BRDA:7,1,0,4
BRDA:7,1,1,1
BRF:4
BRH:4
end_of_record
TN:
SF:src\middlewars\logger.ts
FN:3,(anonymous_0)
FNF:1
FNH:1
FNDA:3,(anonymous_0)
DA:3,1
DA:4,3
DA:5,3
LF:3
LH:3
BRF:0
BRH:0
end_of_record
TN:
SF:src\middlewars\uploadImage.ts
FN:13,(anonymous_1)
FN:16,(anonymous_2)
FN:22,(anonymous_3)
FNF:3
FNH:1
FNDA:0,(anonymous_1)
FNDA:0,(anonymous_2)
FNDA:2,(anonymous_3)
DA:1,7
DA:2,7
DA:3,7
DA:5,7
DA:8,7
DA:9,1
DA:12,7
DA:14,0
DA:17,0
DA:18,0
DA:22,7
DA:23,2
DA:24,2
DA:25,2
DA:27,0
DA:31,7
LF:16
LH:12
BRDA:8,0,0,1
BRDA:8,0,1,6
BRDA:24,1,0,2
BRDA:24,1,1,0
BRF:4
BRH:3
end_of_record
TN:
SF:src\utils\Password.ts
FN:4,(anonymous_1)
FN:22,(anonymous_2)
FN:27,(anonymous_3)
FNF:3
FNH:3
FNDA:15,(anonymous_1)
FNDA:2,(anonymous_2)
FNDA:3,(anonymous_3)
DA:1,1
DA:4,1
DA:5,15
DA:7,12
DA:8,12
DA:9,12
DA:10,12
DA:12,12
DA:13,2
DA:14,10
DA:15,7
DA:17,3
DA:22,1
DA:23,2
DA:27,1
DA:28,3
LF:16
LH:16
BRDA:5,0,0,3
BRDA:5,0,1,12
BRDA:5,1,0,15
BRDA:5,1,1,14
BRDA:5,1,2,13
BRDA:12,2,0,2
BRDA:12,2,1,10
BRDA:14,3,0,7
BRDA:14,3,1,3
BRDA:14,4,0,10
BRDA:14,4,1,10
BRDA:15,5,0,7
BRDA:15,5,1,6
BRDA:15,5,2,5
BRDA:15,5,3,4
BRDA:17,6,0,3
BRDA:17,6,1,2
BRF:17
BRH:17
end_of_record
TN:
SF:src\utils\emailValidator.ts
FN:1,(anonymous_0)
FNF:1
FNH:1
FNDA:8,(anonymous_0)
DA:1,1
DA:2,8
LF:2
LH:2
BRDA:2,0,0,8
BRDA:2,0,1,5
BRF:2
BRH:2
end_of_record
